<?xml version="1.0" encoding="UTF-8"?>
<testng-results skipped="0" failed="1" ignored="0" total="2" passed="1">
  <reporter-output>
  </reporter-output>
  <suite name="Default suite" duration-ms="3463" started-at="2019-09-23T10:51:36 IST" finished-at="2019-09-23T10:51:39 IST">
    <groups>
      <group name="cucumber">
        <method signature="Getuserlistrunner.feature(cucumber.api.testng.CucumberFeatureWrapper)[pri:0, instance:runners.Getuserlistrunner@64729b1e]" name="feature" class="runners.Getuserlistrunner"/>
      </group> <!-- cucumber -->
    </groups>
    <test name="Default test" duration-ms="3463" started-at="2019-09-23T10:51:36 IST" finished-at="2019-09-23T10:51:39 IST">
      <class name="runners.Getuserlistrunner">
        <test-method status="PASS" signature="setUpClass()[pri:0, instance:runners.Getuserlistrunner@64729b1e]" name="setUpClass" is-config="true" duration-ms="315" started-at="2019-09-23T10:51:36 IST" finished-at="2019-09-23T10:51:36 IST">
          <reporter-output>
          </reporter-output>
        </test-method> <!-- setUpClass -->
        <test-method status="FAIL" signature="feature(cucumber.api.testng.CucumberFeatureWrapper)[pri:0, instance:runners.Getuserlistrunner@64729b1e]" name="feature" duration-ms="2560" started-at="2019-09-23T10:51:36 IST" description="Runs Cucumber Feature" data-provider="features" finished-at="2019-09-23T10:51:39 IST">
          <params>
            <param index="0">
              <value>
                <![CDATA[getUserAllUsers]]>
              </value>
            </param>
          </params>
          <exception class="cucumber.runtime.CucumberException">
            <message>
              <![CDATA[java.lang.AssertionError: The following asserts failed:
expected [application/json1; charset=utf-8] but found [application/json; charset=utf-8]]]>
            </message>
            <full-stacktrace>
              <![CDATA[cucumber.runtime.CucumberException: java.lang.AssertionError: The following asserts failed:
expected [application/json1; charset=utf-8] but found [application/json; charset=utf-8]
at cucumber.api.testng.TestNGCucumberRunner.runCucumber(TestNGCucumberRunner.java:69)
at runners.Getuserlistrunner.feature(Getuserlistrunner.java:34)
at sun.reflect.NativeMethodAccessorImpl.invoke0(Native Method)
at sun.reflect.NativeMethodAccessorImpl.invoke(NativeMethodAccessorImpl.java:62)
at sun.reflect.DelegatingMethodAccessorImpl.invoke(DelegatingMethodAccessorImpl.java:43)
at java.lang.reflect.Method.invoke(Method.java:498)
at org.testng.internal.MethodInvocationHelper.invokeMethod(MethodInvocationHelper.java:133)
at org.testng.internal.TestInvoker.invokeMethod(TestInvoker.java:584)
at org.testng.internal.TestInvoker.invokeTestMethod(TestInvoker.java:172)
at org.testng.internal.MethodRunner.runInSequence(MethodRunner.java:46)
at org.testng.internal.TestInvoker$MethodInvocationAgent.invoke(TestInvoker.java:804)
at org.testng.internal.TestInvoker.invokeTestMethods(TestInvoker.java:145)
at org.testng.internal.TestMethodWorker.invokeTestMethods(TestMethodWorker.java:146)
at org.testng.internal.TestMethodWorker.run(TestMethodWorker.java:128)
at java.util.ArrayList.forEach(ArrayList.java:1257)
at org.testng.TestRunner.privateRun(TestRunner.java:770)
at org.testng.TestRunner.run(TestRunner.java:591)
at org.testng.SuiteRunner.runTest(SuiteRunner.java:402)
at org.testng.SuiteRunner.runSequentially(SuiteRunner.java:396)
at org.testng.SuiteRunner.privateRun(SuiteRunner.java:355)
at org.testng.SuiteRunner.run(SuiteRunner.java:304)
at org.testng.SuiteRunnerWorker.runSuite(SuiteRunnerWorker.java:53)
at org.testng.SuiteRunnerWorker.run(SuiteRunnerWorker.java:96)
at org.testng.TestNG.runSuitesSequentially(TestNG.java:1180)
at org.testng.TestNG.runSuitesLocally(TestNG.java:1102)
at org.testng.TestNG.runSuites(TestNG.java:1032)
at org.testng.TestNG.run(TestNG.java:1000)
at org.testng.remote.AbstractRemoteTestNG.run(AbstractRemoteTestNG.java:115)
at org.testng.remote.RemoteTestNG.initAndRun(RemoteTestNG.java:251)
at org.testng.remote.RemoteTestNG.main(RemoteTestNG.java:77)
Caused by: java.lang.AssertionError: The following asserts failed:
expected [application/json1; charset=utf-8] but found [application/json; charset=utf-8]
at org.testng.asserts.SoftAssert.assertAll(SoftAssert.java:47)
at org.testng.asserts.SoftAssert.assertAll(SoftAssert.java:31)
at stepDefinations.GetAllUsers.i_validate_the_contenttype(GetAllUsers.java:42)
at âœ½.And I validate the contenttype(getAllUsers.feature:8)
]]>
            </full-stacktrace>
          </exception> <!-- cucumber.runtime.CucumberException -->
          <reporter-output>
          </reporter-output>
        </test-method> <!-- feature -->
        <test-method status="PASS" signature="feature(cucumber.api.testng.CucumberFeatureWrapper)[pri:0, instance:runners.Getuserlistrunner@64729b1e]" name="feature" duration-ms="218" started-at="2019-09-23T10:51:39 IST" description="Runs Cucumber Feature" data-provider="features" finished-at="2019-09-23T10:51:39 IST">
          <params>
            <param index="0">
              <value>
                <![CDATA[getUser]]>
              </value>
            </param>
          </params>
          <reporter-output>
          </reporter-output>
        </test-method> <!-- feature -->
        <test-method status="PASS" signature="tearDownClass()[pri:0, instance:runners.Getuserlistrunner@64729b1e]" name="tearDownClass" is-config="true" duration-ms="210" started-at="2019-09-23T10:51:39 IST" finished-at="2019-09-23T10:51:39 IST">
          <reporter-output>
          </reporter-output>
        </test-method> <!-- tearDownClass -->
      </class> <!-- runners.Getuserlistrunner -->
    </test> <!-- Default test -->
  </suite> <!-- Default suite -->
</testng-results>
