<?xml version="1.0" encoding="UTF-8"?>
<!-- Generated by org.testng.reporters.JUnitXMLReporter -->
<testsuite hostname="DESKTOP-K4Q9F4N" ignored="0" name="Test" tests="2" failures="1" timestamp="2019-09-23T11:34:39 IST" time="3.859" errors="0">
  <testcase name="feature" time="2.852" classname="runners.Getuserlistrunner">
    <failure type="cucumber.runtime.CucumberException" message="java.lang.AssertionError: The following asserts failed:
	expected [application/json1; charset=utf-8] but found [application/json; charset=utf-8]">
      <![CDATA[cucumber.runtime.CucumberException: java.lang.AssertionError: The following asserts failed:
expected [application/json1; charset=utf-8] but found [application/json; charset=utf-8]
at cucumber.api.testng.TestNGCucumberRunner.runCucumber(TestNGCucumberRunner.java:69)
at runners.Getuserlistrunner.feature(Getuserlistrunner.java:34)
at java.util.ArrayList.forEach(ArrayList.java:1257)
Caused by: java.lang.AssertionError: The following asserts failed:
expected [application/json1; charset=utf-8] but found [application/json; charset=utf-8]
at stepDefinations.GetAllUsers.i_validate_the_contenttype(GetAllUsers.java:42)
at âœ½.And I validate the contenttype(getAllUsers.feature:8)
... Removed 33 stack frames]]>
    </failure>
  </testcase> <!-- feature -->
  <testcase name="feature" time="0.235" classname="runners.Getuserlistrunner"/>
</testsuite> <!-- Test -->
